<?xml version="1.0" encoding="UTF-8"?>
<!-- Generated by org.testng.reporters.JUnitReportReporter -->
<testsuite skipped="0" hostname="f45c899d4237" name="com.harsha.seleniumPractice.testScripts.SignInTestCases" tests="5" failures="0" timestamp="11 Apr 2018 02:36:42 GMT" time="27.764" errors="0">
  <testcase name="MultipleAccountsValidation" time="5.796" classname="com.harsha.seleniumPractice.testScripts.SignInTestCases"/>
  <testcase name="MultipleAccountsValidation" time="7.784" classname="com.harsha.seleniumPractice.testScripts.SignInTestCases"/>
  <testcase name="signinToTheApplication" time="5.994" classname="com.harsha.seleniumPractice.testScripts.SignInTestCases"/>
  <testcase name="seleniumWebDriverCommands" time="2.207" classname="com.harsha.seleniumPractice.testScripts.SignInTestCases"/>
  <testcase name="MultipleAccountsValidation" time="5.983" classname="com.harsha.seleniumPractice.testScripts.SignInTestCases"/>
</testsuite> <!-- com.harsha.seleniumPractice.testScripts.SignInTestCases -->
